[21:15:31] [main/INFO]: LiteLoader 1.10.2 starting up...
[21:15:31] [main/INFO]: Active Pack: 1.10.2-SNAPSHOT-rAFDEB24-b3-3
[21:15:31] [main/INFO]: Java reports OS="mac os x"
[21:15:31] [main/INFO]: Adding supported mod class prefix 'LiteMod'
[21:15:31] [main/INFO]: Enumerating class path...
[21:15:31] [main/INFO]: Class path separator=":"
[21:15:31] [main/INFO]: Class path entries=(
   classpathEntry=/Users/tobe/Library/Application Support/minecraft/libraries/net/minecraftforge/forge/1.10.2-12.18.1.2011/forge-1.10.2-12.18.1.2011.jar
   classpathEntry=/Users/tobe/Library/Application Support/minecraft/libraries/net/minecraft/launchwrapper/1.12/launchwrapper-1.12.jar
   classpathEntry=/Users/tobe/Library/Application Support/minecraft/libraries/org/ow2/asm/asm-all/5.0.3/asm-all-5.0.3.jar
   classpathEntry=/Users/tobe/Library/Application Support/minecraft/libraries/jline/jline/2.13/jline-2.13.jar
   classpathEntry=/Users/tobe/Library/Application Support/minecraft/libraries/com/typesafe/akka/akka-actor_2.11/2.3.3/akka-actor_2.11-2.3.3.jar
   classpathEntry=/Users/tobe/Library/Application Support/minecraft/libraries/com/typesafe/config/1.2.1/config-1.2.1.jar
   classpathEntry=/Users/tobe/Library/Application Support/minecraft/libraries/org/scala-lang/scala-actors-migration_2.11/1.1.0/scala-actors-migration_2.11-1.1.0.jar
   classpathEntry=/Users/tobe/Library/Application Support/minecraft/libraries/org/scala-lang/scala-compiler/2.11.1/scala-compiler-2.11.1.jar
   classpathEntry=/Users/tobe/Library/Application Support/minecraft/libraries/org/scala-lang/plugins/scala-continuations-library_2.11/1.0.2/scala-continuations-library_2.11-1.0.2.jar
   classpathEntry=/Users/tobe/Library/Application Support/minecraft/libraries/org/scala-lang/plugins/scala-continuations-plugin_2.11.1/1.0.2/scala-continuations-plugin_2.11.1-1.0.2.jar
   classpathEntry=/Users/tobe/Library/Application Support/minecraft/libraries/org/scala-lang/scala-library/2.11.1/scala-library-2.11.1.jar
   classpathEntry=/Users/tobe/Library/Application Support/minecraft/libraries/org/scala-lang/scala-parser-combinators_2.11/1.0.1/scala-parser-combinators_2.11-1.0.1.jar
   classpathEntry=/Users/tobe/Library/Application Support/minecraft/libraries/org/scala-lang/scala-reflect/2.11.1/scala-reflect-2.11.1.jar
   classpathEntry=/Users/tobe/Library/Application Support/minecraft/libraries/org/scala-lang/scala-swing_2.11/1.0.1/scala-swing_2.11-1.0.1.jar
   classpathEntry=/Users/tobe/Library/Application Support/minecraft/libraries/org/scala-lang/scala-xml_2.11/1.0.2/scala-xml_2.11-1.0.2.jar
   classpathEntry=/Users/tobe/Library/Application Support/minecraft/libraries/lzma/lzma/0.0.1/lzma-0.0.1.jar
   classpathEntry=/Users/tobe/Library/Application Support/minecraft/libraries/net/sf/jopt-simple/jopt-simple/4.6/jopt-simple-4.6.jar
   classpathEntry=/Users/tobe/Library/Application Support/minecraft/libraries/java3d/vecmath/1.5.2/vecmath-1.5.2.jar
   classpathEntry=/Users/tobe/Library/Application Support/minecraft/libraries/net/sf/trove4j/trove4j/3.0.3/trove4j-3.0.3.jar
   classpathEntry=/Users/tobe/Library/Application Support/minecraft/libraries/com/mojang/netty/1.6/netty-1.6.jar
   classpathEntry=/Users/tobe/Library/Application Support/minecraft/libraries/oshi-project/oshi-core/1.1/oshi-core-1.1.jar
   classpathEntry=/Users/tobe/Library/Application Support/minecraft/libraries/net/java/dev/jna/jna/3.4.0/jna-3.4.0.jar
   classpathEntry=/Users/tobe/Library/Application Support/minecraft/libraries/net/java/dev/jna/platform/3.4.0/platform-3.4.0.jar
   classpathEntry=/Users/tobe/Library/Application Support/minecraft/libraries/com/ibm/icu/icu4j-core-mojang/51.2/icu4j-core-mojang-51.2.jar
   classpathEntry=/Users/tobe/Library/Application Support/minecraft/libraries/net/sf/jopt-simple/jopt-simple/4.6/jopt-simple-4.6.jar
   classpathEntry=/Users/tobe/Library/Application Support/minecraft/libraries/com/paulscode/codecjorbis/20101023/codecjorbis-20101023.jar
   classpathEntry=/Users/tobe/Library/Application Support/minecraft/libraries/com/paulscode/codecwav/20101023/codecwav-20101023.jar
   classpathEntry=/Users/tobe/Library/Application Support/minecraft/libraries/com/paulscode/libraryjavasound/20101123/libraryjavasound-20101123.jar
   classpathEntry=/Users/tobe/Library/Application Support/minecraft/libraries/com/paulscode/librarylwjglopenal/20100824/librarylwjglopenal-20100824.jar
   classpathEntry=/Users/tobe/Library/Application Support/minecraft/libraries/com/paulscode/soundsystem/20120107/soundsystem-20120107.jar
   classpathEntry=/Users/tobe/Library/Application Support/minecraft/libraries/io/netty/netty-all/4.0.23.Final/netty-all-4.0.23.Final.jar
   classpathEntry=/Users/tobe/Library/Application Support/minecraft/libraries/com/google/guava/guava/17.0/guava-17.0.jar
   classpathEntry=/Users/tobe/Library/Application Support/minecraft/libraries/org/apache/commons/commons-lang3/3.3.2/commons-lang3-3.3.2.jar
   classpathEntry=/Users/tobe/Library/Application Support/minecraft/libraries/commons-io/commons-io/2.4/commons-io-2.4.jar
   classpathEntry=/Users/tobe/Library/Application Support/minecraft/libraries/commons-codec/commons-codec/1.9/commons-codec-1.9.jar
   classpathEntry=/Users/tobe/Library/Application Support/minecraft/libraries/net/java/jinput/jinput/2.0.5/jinput-2.0.5.jar
   classpathEntry=/Users/tobe/Library/Application Support/minecraft/libraries/net/java/jutils/jutils/1.0.0/jutils-1.0.0.jar
   classpathEntry=/Users/tobe/Library/Application Support/minecraft/libraries/com/google/code/gson/gson/2.2.4/gson-2.2.4.jar
   classpathEntry=/Users/tobe/Library/Application Support/minecraft/libraries/com/mojang/authlib/1.5.22/authlib-1.5.22.jar
   classpathEntry=/Users/tobe/Library/Application Support/minecraft/libraries/com/mojang/realms/1.9.3/realms-1.9.3.jar
   classpathEntry=/Users/tobe/Library/Application Support/minecraft/libraries/org/apache/commons/commons-compress/1.8.1/commons-compress-1.8.1.jar
   classpathEntry=/Users/tobe/Library/Application Support/minecraft/libraries/org/apache/httpcomponents/httpclient/4.3.3/httpclient-4.3.3.jar
   classpathEntry=/Users/tobe/Library/Application Support/minecraft/libraries/commons-logging/commons-logging/1.1.3/commons-logging-1.1.3.jar
   classpathEntry=/Users/tobe/Library/Application Support/minecraft/libraries/org/apache/httpcomponents/httpcore/4.3.2/httpcore-4.3.2.jar
   classpathEntry=/Users/tobe/Library/Application Support/minecraft/libraries/it/unimi/dsi/fastutil/7.0.12_mojang/fastutil-7.0.12_mojang.jar
   classpathEntry=/Users/tobe/Library/Application Support/minecraft/libraries/org/apache/logging/log4j/log4j-api/2.0-beta9/log4j-api-2.0-beta9.jar
   classpathEntry=/Users/tobe/Library/Application Support/minecraft/libraries/org/apache/logging/log4j/log4j-core/2.0-beta9/log4j-core-2.0-beta9.jar
   classpathEntry=/Users/tobe/Library/Application Support/minecraft/libraries/org/lwjgl/lwjgl/lwjgl/2.9.2-nightly-20140822/lwjgl-2.9.2-nightly-20140822.jar
   classpathEntry=/Users/tobe/Library/Application Support/minecraft/libraries/org/lwjgl/lwjgl/lwjgl_util/2.9.2-nightly-20140822/lwjgl_util-2.9.2-nightly-20140822.jar
   classpathEntry=/Users/tobe/Library/Application Support/minecraft/versions/1.10.2/1.10.2.jar
)
[21:15:31] [main/INFO]: Registering discovery module EnumeratorModuleClassPath: [<Java Class Path>]
[21:15:31] [main/INFO]: Registering discovery module EnumeratorModuleFolder: [/Users/tobe/Library/Application Support/minecraft/forge1102-2008/mods]
[21:15:31] [main/INFO]: Registering discovery module EnumeratorModuleFolder: [/Users/tobe/Library/Application Support/minecraft/forge1102-2008/mods/1.10.2]
[21:15:31] [main/INFO]: Registering enumerator plugin DefaultEnumeratorPlugin: [com.mumfrey.liteloader.core.api.DefaultEnumeratorPlugin@3153ddfc]
[21:15:31] [main/INFO]: Discovering tweaks on class path...
[21:15:31] [main/INFO]: Baking listener list for EnumerationObserver with 1 listeners
[21:15:31] [main/INFO]: Discovering valid mod files in folder /Users/tobe/Library/Application Support/minecraft/forge1102-2008/mods
[21:15:31] [main/INFO]: Inspecting jar metadata in 'InventoryTweaks-1.61-58.jar'
[21:15:31] [main/INFO]: Ignoring /Users/tobe/Library/Application Support/minecraft/forge1102-2008/mods/InventoryTweaks-1.61-58.jar
[21:15:31] [main/INFO]: Inspecting jar metadata in 'liteloader-1.10.2-SNAPSHOT-release.jar'
[21:15:31] [main/INFO]: Ignoring /Users/tobe/Library/Application Support/minecraft/forge1102-2008/mods/liteloader-1.10.2-SNAPSHOT-release.jar
[21:15:31] [main/INFO]: Inspecting jar metadata in 'OptiFine_1.10.2_HD_U_C2.jar'
[21:15:31] [main/INFO]: Ignoring /Users/tobe/Library/Application Support/minecraft/forge1102-2008/mods/OptiFine_1.10.2_HD_U_C2.jar
[21:15:31] [main/INFO]: Discovering valid mod files in folder /Users/tobe/Library/Application Support/minecraft/forge1102-2008/mods/1.10.2
[21:15:31] [main/INFO]: Considering valid mod file: /Users/tobe/Library/Application Support/minecraft/forge1102-2008/mods/1.10.2/mod_voxelMap_1.6.15_for_1.10.2.litemod
[21:15:31] [main/INFO]: Adding newest valid mod file '/Users/tobe/Library/Application Support/minecraft/forge1102-2008/mods/1.10.2/mod_voxelMap_1.6.15_for_1.10.2.litemod' at revision 1615.0000
[21:15:31] [main/INFO]: Registering mixin config mixins.voxelmap.json for mod_voxelMap_1.6.15_for_1.10.2.litemod
[21:15:31] [main/INFO]: Initialising LiteLoader Mixins
[21:15:31] [main/INFO]: LiteLoader PREINIT complete
[21:15:32] [main/INFO]: FML detected, switching to searge mappings
[21:15:32] [main/INFO]: MinecraftTransformer found INIT injection point, this is good.
[21:15:39] [Client thread/INFO]: Generating new Event Handler Proxy Class com.mumfrey.liteloader.core.event.EventProxy
[21:15:39] [Client thread/INFO]: Successfully generated event handler proxy class with 2 handlers(s) and 2 total invocations
[21:15:46] [Client thread/INFO]: JInput Component Registry is initialising...
[21:15:46] [Client thread/INFO]: Inspecting Keyboard controller Apple Internal Keyboard / Trackpad on Unknown...
[21:15:46] [Client thread/INFO]: Inspecting Mouse controller Apple Internal Keyboard / Trackpad on Unknown...
[21:15:46] [Client thread/INFO]: Inspecting Mouse controller ELECOM BlueLED Mouse on Unknown...
[21:15:46] [Client thread/INFO]: JInput Component Registry initialised, found 3 controller(s) 193 component(s)
[21:15:46] [Client thread/INFO]: LiteLoader begin INIT...
[21:15:46] [Client thread/INFO]: Baking listener list for CoreProvider with 2 listeners
[21:15:46] [Client thread/INFO]: Injecting external mods into class path...
[21:15:46] [Client thread/INFO]: Injecting external mods into class path...
[21:15:46] [Client thread/INFO]: Discovering mods on class path...
[21:15:46] [Client thread/INFO]: Searching /Users/tobe/Library/Application Support/minecraft/libraries/net/minecraftforge/forge/1.10.2-12.18.1.2011/forge-1.10.2-12.18.1.2011.jar...
[21:15:46] [Client thread/INFO]: Searching /Users/tobe/Library/Application Support/minecraft/libraries/net/minecraft/launchwrapper/1.12/launchwrapper-1.12.jar...
[21:15:46] [Client thread/INFO]: Searching /Users/tobe/Library/Application Support/minecraft/libraries/org/ow2/asm/asm-all/5.0.3/asm-all-5.0.3.jar...
[21:15:46] [Client thread/INFO]: Searching /Users/tobe/Library/Application Support/minecraft/libraries/jline/jline/2.13/jline-2.13.jar...
[21:15:46] [Client thread/INFO]: Searching /Users/tobe/Library/Application Support/minecraft/libraries/com/typesafe/akka/akka-actor_2.11/2.3.3/akka-actor_2.11-2.3.3.jar...
[21:15:46] [Client thread/INFO]: Searching /Users/tobe/Library/Application Support/minecraft/libraries/com/typesafe/config/1.2.1/config-1.2.1.jar...
[21:15:46] [Client thread/INFO]: Searching /Users/tobe/Library/Application Support/minecraft/libraries/org/scala-lang/scala-actors-migration_2.11/1.1.0/scala-actors-migration_2.11-1.1.0.jar...
[21:15:46] [Client thread/INFO]: Searching /Users/tobe/Library/Application Support/minecraft/libraries/org/scala-lang/scala-compiler/2.11.1/scala-compiler-2.11.1.jar...
[21:15:46] [Client thread/INFO]: Searching /Users/tobe/Library/Application Support/minecraft/libraries/org/scala-lang/plugins/scala-continuations-library_2.11/1.0.2/scala-continuations-library_2.11-1.0.2.jar...
[21:15:46] [Client thread/INFO]: Searching /Users/tobe/Library/Application Support/minecraft/libraries/org/scala-lang/plugins/scala-continuations-plugin_2.11.1/1.0.2/scala-continuations-plugin_2.11.1-1.0.2.jar...
[21:15:46] [Client thread/INFO]: Searching /Users/tobe/Library/Application Support/minecraft/libraries/org/scala-lang/scala-library/2.11.1/scala-library-2.11.1.jar...
[21:15:46] [Client thread/INFO]: Searching /Users/tobe/Library/Application Support/minecraft/libraries/org/scala-lang/scala-parser-combinators_2.11/1.0.1/scala-parser-combinators_2.11-1.0.1.jar...
[21:15:46] [Client thread/INFO]: Searching /Users/tobe/Library/Application Support/minecraft/libraries/org/scala-lang/scala-reflect/2.11.1/scala-reflect-2.11.1.jar...
[21:15:46] [Client thread/INFO]: Searching /Users/tobe/Library/Application Support/minecraft/libraries/org/scala-lang/scala-swing_2.11/1.0.1/scala-swing_2.11-1.0.1.jar...
[21:15:46] [Client thread/INFO]: Searching /Users/tobe/Library/Application Support/minecraft/libraries/org/scala-lang/scala-xml_2.11/1.0.2/scala-xml_2.11-1.0.2.jar...
[21:15:46] [Client thread/INFO]: Searching /Users/tobe/Library/Application Support/minecraft/libraries/lzma/lzma/0.0.1/lzma-0.0.1.jar...
[21:15:46] [Client thread/INFO]: Searching /Users/tobe/Library/Application Support/minecraft/libraries/net/sf/jopt-simple/jopt-simple/4.6/jopt-simple-4.6.jar...
[21:15:46] [Client thread/INFO]: Searching /Users/tobe/Library/Application Support/minecraft/libraries/java3d/vecmath/1.5.2/vecmath-1.5.2.jar...
[21:15:46] [Client thread/INFO]: Searching /Users/tobe/Library/Application Support/minecraft/libraries/net/sf/trove4j/trove4j/3.0.3/trove4j-3.0.3.jar...
[21:15:46] [Client thread/INFO]: Searching /Users/tobe/Library/Application Support/minecraft/libraries/com/mojang/netty/1.6/netty-1.6.jar...
[21:15:46] [Client thread/INFO]: Searching /Users/tobe/Library/Application Support/minecraft/libraries/oshi-project/oshi-core/1.1/oshi-core-1.1.jar...
[21:15:46] [Client thread/INFO]: Searching /Users/tobe/Library/Application Support/minecraft/libraries/net/java/dev/jna/jna/3.4.0/jna-3.4.0.jar...
[21:15:46] [Client thread/INFO]: Searching /Users/tobe/Library/Application Support/minecraft/libraries/net/java/dev/jna/platform/3.4.0/platform-3.4.0.jar...
[21:15:46] [Client thread/INFO]: Searching /Users/tobe/Library/Application Support/minecraft/libraries/com/ibm/icu/icu4j-core-mojang/51.2/icu4j-core-mojang-51.2.jar...
[21:15:46] [Client thread/INFO]: Searching /Users/tobe/Library/Application Support/minecraft/libraries/net/sf/jopt-simple/jopt-simple/4.6/jopt-simple-4.6.jar...
[21:15:46] [Client thread/INFO]: Searching /Users/tobe/Library/Application Support/minecraft/libraries/com/paulscode/codecjorbis/20101023/codecjorbis-20101023.jar...
[21:15:46] [Client thread/INFO]: Searching /Users/tobe/Library/Application Support/minecraft/libraries/com/paulscode/codecwav/20101023/codecwav-20101023.jar...
[21:15:46] [Client thread/INFO]: Searching /Users/tobe/Library/Application Support/minecraft/libraries/com/paulscode/libraryjavasound/20101123/libraryjavasound-20101123.jar...
[21:15:46] [Client thread/INFO]: Searching /Users/tobe/Library/Application Support/minecraft/libraries/com/paulscode/librarylwjglopenal/20100824/librarylwjglopenal-20100824.jar...
[21:15:46] [Client thread/INFO]: Searching /Users/tobe/Library/Application Support/minecraft/libraries/com/paulscode/soundsystem/20120107/soundsystem-20120107.jar...
[21:15:46] [Client thread/INFO]: Searching /Users/tobe/Library/Application Support/minecraft/libraries/io/netty/netty-all/4.0.23.Final/netty-all-4.0.23.Final.jar...
[21:15:46] [Client thread/INFO]: Searching /Users/tobe/Library/Application Support/minecraft/libraries/com/google/guava/guava/17.0/guava-17.0.jar...
[21:15:46] [Client thread/INFO]: Searching /Users/tobe/Library/Application Support/minecraft/libraries/org/apache/commons/commons-lang3/3.3.2/commons-lang3-3.3.2.jar...
[21:15:46] [Client thread/INFO]: Searching /Users/tobe/Library/Application Support/minecraft/libraries/commons-io/commons-io/2.4/commons-io-2.4.jar...
[21:15:46] [Client thread/INFO]: Searching /Users/tobe/Library/Application Support/minecraft/libraries/commons-codec/commons-codec/1.9/commons-codec-1.9.jar...
[21:15:46] [Client thread/INFO]: Searching /Users/tobe/Library/Application Support/minecraft/libraries/net/java/jinput/jinput/2.0.5/jinput-2.0.5.jar...
[21:15:46] [Client thread/INFO]: Searching /Users/tobe/Library/Application Support/minecraft/libraries/net/java/jutils/jutils/1.0.0/jutils-1.0.0.jar...
[21:15:46] [Client thread/INFO]: Searching /Users/tobe/Library/Application Support/minecraft/libraries/com/google/code/gson/gson/2.2.4/gson-2.2.4.jar...
[21:15:46] [Client thread/INFO]: Searching /Users/tobe/Library/Application Support/minecraft/libraries/com/mojang/authlib/1.5.22/authlib-1.5.22.jar...
[21:15:46] [Client thread/INFO]: Searching /Users/tobe/Library/Application Support/minecraft/libraries/com/mojang/realms/1.9.3/realms-1.9.3.jar...
[21:15:46] [Client thread/INFO]: Searching /Users/tobe/Library/Application Support/minecraft/libraries/org/apache/commons/commons-compress/1.8.1/commons-compress-1.8.1.jar...
[21:15:46] [Client thread/INFO]: Searching /Users/tobe/Library/Application Support/minecraft/libraries/org/apache/httpcomponents/httpclient/4.3.3/httpclient-4.3.3.jar...
[21:15:46] [Client thread/INFO]: Searching /Users/tobe/Library/Application Support/minecraft/libraries/commons-logging/commons-logging/1.1.3/commons-logging-1.1.3.jar...
[21:15:46] [Client thread/INFO]: Searching /Users/tobe/Library/Application Support/minecraft/libraries/org/apache/httpcomponents/httpcore/4.3.2/httpcore-4.3.2.jar...
[21:15:46] [Client thread/INFO]: Searching /Users/tobe/Library/Application Support/minecraft/libraries/it/unimi/dsi/fastutil/7.0.12_mojang/fastutil-7.0.12_mojang.jar...
[21:15:46] [Client thread/INFO]: Searching /Users/tobe/Library/Application Support/minecraft/libraries/org/apache/logging/log4j/log4j-api/2.0-beta9/log4j-api-2.0-beta9.jar...
[21:15:46] [Client thread/INFO]: Searching /Users/tobe/Library/Application Support/minecraft/libraries/org/apache/logging/log4j/log4j-core/2.0-beta9/log4j-core-2.0-beta9.jar...
[21:15:46] [Client thread/INFO]: Searching /Users/tobe/Library/Application Support/minecraft/libraries/org/lwjgl/lwjgl/lwjgl/2.9.2-nightly-20140822/lwjgl-2.9.2-nightly-20140822.jar...
[21:15:46] [Client thread/INFO]: Searching /Users/tobe/Library/Application Support/minecraft/libraries/org/lwjgl/lwjgl/lwjgl_util/2.9.2-nightly-20140822/lwjgl_util-2.9.2-nightly-20140822.jar...
[21:15:46] [Client thread/INFO]: Searching /Users/tobe/Library/Application Support/minecraft/versions/1.10.2/1.10.2.jar...
[21:15:47] [Client thread/INFO]: Discovering mods in valid mod files...
[21:15:47] [Client thread/INFO]: Discovering mods in valid mod files...
[21:15:47] [Client thread/INFO]: Searching /Users/tobe/Library/Application Support/minecraft/forge1102-2008/mods/1.10.2/mod_voxelMap_1.6.15_for_1.10.2.litemod...
[21:15:47] [Client thread/INFO]: Found 1 potential matches
[21:15:47] [Client thread/INFO]: Mod class discovery completed
[21:15:47] [Client thread/INFO]: LiteLoader begin POSTINIT...
[21:15:47] [Client thread/INFO]: Inhibiting sound handler reload
[21:15:47] [Client thread/INFO]: Registering interface provider com.mumfrey.liteloader.client.LiteLoaderEventBrokerClient for API LiteLoader core API
[21:15:47] [Client thread/INFO]: Registering interface provider com.mumfrey.liteloader.client.PacketEventsClient for API LiteLoader core API
[21:15:47] [Client thread/INFO]: Registering interface provider com.mumfrey.liteloader.client.ClientPluginChannelsClient for API LiteLoader core API
[21:15:47] [Client thread/INFO]: Registering interface provider com.mumfrey.liteloader.core.ServerPluginChannels for API LiteLoader core API
[21:15:47] [Client thread/INFO]: Registering interface provider com.mumfrey.liteloader.messaging.MessageBus for API LiteLoader core API
[21:15:47] [Client thread/INFO]: Discovered 1 total mod(s), injected 0 tweak(s)
[21:15:47] [Client thread/INFO]: Loading mod from com.mamiyaotaru.voxelmap.litemod.LiteModVoxelMap
[21:15:47] [Client thread/INFO]: Baking listener list for ModLoadObserver with 1 listeners
[21:15:47] [Client thread/INFO]: Successfully added mod VoxelMap version 1.6.15
[21:15:47] [Client thread/INFO]: Adding "/Users/tobe/Library/Application Support/minecraft/forge1102-2008/mods/1.10.2/mod_voxelMap_1.6.15_for_1.10.2.litemod" to active resource pack set
[21:15:47] [Client thread/INFO]: Setting up "mod_voxelMap_1.6.15_for_1.10.2.litemod" as mod resource pack with identifier "VoxelMap"
[21:15:47] [Client thread/INFO]: Successfully added "/Users/tobe/Library/Application Support/minecraft/forge1102-2008/mods/1.10.2/mod_voxelMap_1.6.15_for_1.10.2.litemod" to active resource pack set
[21:15:47] [Client thread/INFO]: Initialising mod VoxelMap version 1.6.15
[21:15:47] [Client thread/INFO]: Baking listener list for InterfaceObserver with 0 listeners
[21:15:53] [Client thread/INFO]: Calling late init for mod VoxelMap
[21:15:54] [Client thread/INFO]: Baking listener list for ViewportListener with 0 listeners
[21:15:54] [Client thread/INFO]: Sound handler reload inhibit removed
[21:15:54] [Client thread/INFO]: Reloading sound handler
[21:15:55] [Client thread/INFO]: Baking listener list for GameLoopListener with 0 listeners
[21:15:55] [Client thread/INFO]: Baking listener list for RenderListener with 0 listeners
[21:15:55] [Client thread/INFO]: Baking listener list for TickObserver with 3 listeners
[21:15:55] [Client thread/INFO]: Baking listener list for PostRenderObserver with 3 listeners
[21:15:55] [Client thread/INFO]: Baking listener list for Tickable with 1 listeners
[21:15:55] [Client thread/INFO]: Baking listener list for FrameBufferListener with 0 listeners
[21:16:54] [Client thread/INFO]: Baking listener list for ServerCommandProvider with 0 listeners
[21:16:56] [Server thread/INFO]: Baking listener list for IEventState with 0 listeners
[21:16:56] [Server thread/INFO]: Baking listener list for ServerTickable with 0 listeners
[21:16:58] [Netty Server IO #1/INFO]: Generating new Event Handler Proxy Class com.mumfrey.liteloader.core.event.EventProxy$2
[21:16:58] [Netty Server IO #1/INFO]: Successfully generated event handler proxy class with 115 handlers(s) and 115 total invocations
[21:16:58] [Netty Local Client IO #0/INFO]: Baking listener list for PostLoginListener with 0 listeners
[21:16:58] [Server thread/INFO]: Baking listener list for ServerPlayerListener with 0 listeners
[21:16:58] [Server thread/INFO]: Baking listener list for IEventState with 1 listeners
[21:16:58] [Client thread/INFO]: Baking listener list for PreJoinGameListener with 0 listeners
[21:16:59] [Client thread/INFO]: Baking listener list for JoinGameListener with 1 listeners
[21:16:59] [Client thread/INFO]: Baking listener list for PreRenderListener with 0 listeners
[21:16:59] [Client thread/INFO]: Baking listener list for PostRenderListener with 1 listeners
[21:16:59] [Client thread/INFO]: Baking listener list for HUDRenderListener with 1 listeners
[21:17:00] [Client thread/INFO]: Baking listener list for WorldObserver with 2 listeners
[21:17:00] [Server thread/INFO]: Baking listener list for PlayerMoveListener with 0 listeners
[21:17:00] [Client thread/INFO]: Baking listener list for EntityRenderListener with 0 listeners
[21:17:09] [Client thread/INFO]: Baking listener list for PlayerClickListener with 0 listeners
[21:17:09] [Server thread/INFO]: Baking listener list for PlayerInteractionListener with 0 listeners
[21:58:01] [Client thread/INFO]: LiteLoader is shutting down, shutting down core providers and syncing configuration
[21:58:01] [Client thread/INFO]: Baking listener list for ShutdownObserver with 3 listeners
